<?xml version="1.0" encoding="UTF-8"?>
<robot generator="Robot 7.0 (Python 3.12.1 on win32)" generated="2024-01-31T13:03:05.013531" rpa="false" schemaversion="5">
<suite id="s1" name="Impor" source="C:\Users\LOQ\kuliah\sekawan\import\impor.robot">
<test id="s1-t1" name="Impor Data" line="10">
<kw name="login" owner="login">
<kw name="Open Browser" owner="SeleniumLibrary">
<msg time="2024-01-31T13:03:05.191978" level="INFO">Opening browser 'chrome' to base url 'https://aps-rejanglebong.skwn.dev/dev/index.php/login'.</msg>
<arg>${url}</arg>
<arg>${web}</arg>
<doc>Opens a new browser instance to the optional ``url``.</doc>
<status status="PASS" start="2024-01-31T13:03:05.191978" elapsed="7.154943"/>
</kw>
<kw name="Maximize Browser Window" owner="SeleniumLibrary">
<doc>Maximizes current browser window.</doc>
<status status="PASS" start="2024-01-31T13:03:12.346921" elapsed="0.261091"/>
</kw>
<kw name="Sleep" owner="BuiltIn">
<msg time="2024-01-31T13:03:14.609418" level="INFO">Slept 2 seconds.</msg>
<arg>2s</arg>
<doc>Pauses the test executed for the given time.</doc>
<status status="PASS" start="2024-01-31T13:03:12.609023" elapsed="2.000395"/>
</kw>
<kw name="Input Text" owner="SeleniumLibrary">
<msg time="2024-01-31T13:03:14.609418" level="INFO">Typing text 'candidat' into text field '//*[@id="username"]'.</msg>
<arg>//*[@id="username"]</arg>
<arg>candidat</arg>
<doc>Types the given ``text`` into the text field identified by ``locator``.</doc>
<status status="PASS" start="2024-01-31T13:03:14.609418" elapsed="0.120174"/>
</kw>
<kw name="Input Password" owner="SeleniumLibrary">
<msg time="2024-01-31T13:03:14.729592" level="INFO">Typing password into text field '//*[@id="password"]'.</msg>
<msg time="2024-01-31T13:03:14.771158" level="INFO">Temporally setting log level to: NONE</msg>
<arg>//*[@id="password"]</arg>
<arg>password123</arg>
<doc>Types the given password into the text field identified by ``locator``.</doc>
<status status="PASS" start="2024-01-31T13:03:14.729592" elapsed="0.089269"/>
</kw>
<kw name="Click Button" owner="SeleniumLibrary">
<msg time="2024-01-31T13:03:14.819871" level="INFO">Clicking button '//*[@id="kt_login_signin_submit"]'.</msg>
<arg>//*[@id="kt_login_signin_submit"]</arg>
<doc>Clicks the button identified by ``locator``.</doc>
<status status="PASS" start="2024-01-31T13:03:14.819871" elapsed="0.062616"/>
</kw>
<kw name="Sleep" owner="BuiltIn">
<msg time="2024-01-31T13:03:19.883228" level="INFO">Slept 5 seconds.</msg>
<arg>5s</arg>
<doc>Pauses the test executed for the given time.</doc>
<status status="PASS" start="2024-01-31T13:03:14.882487" elapsed="5.000741"/>
</kw>
<status status="PASS" start="2024-01-31T13:03:05.191978" elapsed="14.691250"/>
</kw>
<kw name="Click Element" owner="SeleniumLibrary">
<msg time="2024-01-31T13:03:19.883228" level="INFO">Clicking element '//*[@id="kt_aside_menu"]/ul/li[3]/a'.</msg>
<arg>//*[@id="kt_aside_menu"]/ul/li[3]/a</arg>
<doc>Click the element identified by ``locator``.</doc>
<status status="PASS" start="2024-01-31T13:03:19.883228" elapsed="0.933437"/>
</kw>
<kw name="Sleep" owner="BuiltIn">
<msg time="2024-01-31T13:03:23.819761" level="INFO">Slept 3 seconds.</msg>
<arg>3s</arg>
<doc>Pauses the test executed for the given time.</doc>
<status status="PASS" start="2024-01-31T13:03:20.819619" elapsed="3.000142"/>
</kw>
<kw name="Click Button" owner="SeleniumLibrary">
<msg time="2024-01-31T13:03:23.819761" level="INFO">Clicking button '//*[@id="cardDataPemilih"]/div/div[1]/div[2]/div/div[2]/div/button[2]'.</msg>
<arg>//*[@id="cardDataPemilih"]/div/div[1]/div[2]/div/div[2]/div/button[2]</arg>
<doc>Clicks the button identified by ``locator``.</doc>
<status status="PASS" start="2024-01-31T13:03:23.819761" elapsed="0.089198"/>
</kw>
<kw name="Click Element" owner="SeleniumLibrary">
<msg time="2024-01-31T13:03:23.908959" level="INFO">Clicking element '//*[@id="cardDataPemilih"]/div/div[1]/div[2]/div/div[2]/div/div/a[2]'.</msg>
<arg>//*[@id="cardDataPemilih"]/div/div[1]/div[2]/div/div[2]/div/div/a[2]</arg>
<doc>Click the element identified by ``locator``.</doc>
<status status="PASS" start="2024-01-31T13:03:23.908959" elapsed="0.074462"/>
</kw>
<kw name="Sleep" owner="BuiltIn">
<msg time="2024-01-31T13:03:25.983991" level="INFO">Slept 2 seconds.</msg>
<arg>2s</arg>
<doc>Pauses the test executed for the given time.</doc>
<status status="PASS" start="2024-01-31T13:03:23.983421" elapsed="2.000570"/>
</kw>
<kw name="Choose File" owner="SeleniumLibrary">
<msg time="2024-01-31T13:03:25.983991" level="INFO">Sending C:\Users\LOQ\kuliah\sekawan\import\Data Pemilih 2024-01-31 00_12_19.xlsx to browser.</msg>
<arg>//*[@id="form_upload_pemilih"]/div[1]/div/div/input</arg>
<arg>C:\\Users\\LOQ\\kuliah\\sekawan\\import/Data Pemilih 2024-01-31 00_12_19.xlsx</arg>
<doc>Inputs the ``file_path`` into the file input field ``locator``.</doc>
<status status="PASS" start="2024-01-31T13:03:25.983991" elapsed="0.035604"/>
</kw>
<kw name="Sleep" owner="BuiltIn">
<msg time="2024-01-31T13:03:28.021246" level="INFO">Slept 2 seconds.</msg>
<arg>2s</arg>
<doc>Pauses the test executed for the given time.</doc>
<status status="PASS" start="2024-01-31T13:03:26.020460" elapsed="2.000786"/>
</kw>
<kw name="Click Button" owner="SeleniumLibrary">
<msg time="2024-01-31T13:03:28.021246" level="INFO">Clicking button '//*[@id="form_upload_pemilih"]/div[2]/button[2]'.</msg>
<arg>//*[@id="form_upload_pemilih"]/div[2]/button[2]</arg>
<doc>Clicks the button identified by ``locator``.</doc>
<status status="PASS" start="2024-01-31T13:03:28.021246" elapsed="0.188860"/>
</kw>
<kw name="Sleep" owner="BuiltIn">
<msg time="2024-01-31T13:03:30.215373" level="INFO">Slept 2 seconds.</msg>
<arg>2s</arg>
<doc>Pauses the test executed for the given time.</doc>
<status status="PASS" start="2024-01-31T13:03:28.214967" elapsed="2.000406"/>
</kw>
<kw name="Click Element" owner="SeleniumLibrary">
<msg time="2024-01-31T13:03:30.215373" level="INFO">Clicking element '//*[@id="kt_body"]/div[8]/div/div[3]/button[3]'.</msg>
<arg>//*[@id="kt_body"]/div[8]/div/div[3]/button[3]</arg>
<doc>Click the element identified by ``locator``.</doc>
<status status="PASS" start="2024-01-31T13:03:30.215373" elapsed="0.068776"/>
</kw>
<kw name="Click Element" owner="SeleniumLibrary">
<msg time="2024-01-31T13:03:30.285160" level="INFO">Clicking element '//*[@id="kt_body"]/div[8]/div/div[3]/button[1]'.</msg>
<arg>//*[@id="kt_body"]/div[8]/div/div[3]/button[1]</arg>
<doc>Click the element identified by ``locator``.</doc>
<status status="PASS" start="2024-01-31T13:03:30.285160" elapsed="0.083372"/>
</kw>
<kw name="Sleep" owner="BuiltIn">
<msg time="2024-01-31T13:03:32.370890" level="INFO">Slept 2 seconds.</msg>
<arg>2s</arg>
<doc>Pauses the test executed for the given time.</doc>
<status status="PASS" start="2024-01-31T13:03:30.370140" elapsed="2.000750"/>
</kw>
<status status="PASS" start="2024-01-31T13:03:05.191978" elapsed="27.180552"/>
</test>
<status status="PASS" start="2024-01-31T13:03:05.014992" elapsed="27.359224"/>
</suite>
<statistics>
<total>
<stat pass="1" fail="0" skip="0">All Tests</stat>
</total>
<tag>
</tag>
<suite>
<stat pass="1" fail="0" skip="0" id="s1" name="Impor">Impor</stat>
</suite>
</statistics>
<errors>
</errors>
</robot>
