<?xml version="1.0" encoding="UTF-8"?>
<robot generator="Robot 7.0 (Python 3.12.1 on win32)" generated="2024-01-31T13:18:27.578344" rpa="false" schemaversion="5">
<suite id="s1" name="Penambahan" source="C:\Users\LOQ\kuliah\sekawan\penambahanData\penambahan.robot">
<test id="s1-t1" name="Penambahan Data" line="10">
<kw name="login" owner="login">
<kw name="Open Browser" owner="SeleniumLibrary">
<msg time="2024-01-31T13:18:27.760276" level="INFO">Opening browser 'chrome' to base url 'https://aps-rejanglebong.skwn.dev/dev/index.php/login'.</msg>
<arg>${url}</arg>
<arg>${web}</arg>
<doc>Opens a new browser instance to the optional ``url``.</doc>
<status status="PASS" start="2024-01-31T13:18:27.760276" elapsed="5.414222"/>
</kw>
<kw name="Maximize Browser Window" owner="SeleniumLibrary">
<doc>Maximizes current browser window.</doc>
<status status="PASS" start="2024-01-31T13:18:33.175503" elapsed="0.130035"/>
</kw>
<kw name="Sleep" owner="BuiltIn">
<msg time="2024-01-31T13:18:35.305877" level="INFO">Slept 2 seconds.</msg>
<arg>2s</arg>
<doc>Pauses the test executed for the given time.</doc>
<status status="PASS" start="2024-01-31T13:18:33.305538" elapsed="2.000339"/>
</kw>
<kw name="Input Text" owner="SeleniumLibrary">
<msg time="2024-01-31T13:18:35.305877" level="INFO">Typing text 'candidat' into text field '//*[@id="username"]'.</msg>
<arg>//*[@id="username"]</arg>
<arg>candidat</arg>
<doc>Types the given ``text`` into the text field identified by ``locator``.</doc>
<status status="PASS" start="2024-01-31T13:18:35.305877" elapsed="0.092654"/>
</kw>
<kw name="Input Password" owner="SeleniumLibrary">
<msg time="2024-01-31T13:18:35.398531" level="INFO">Typing password into text field '//*[@id="password"]'.</msg>
<msg time="2024-01-31T13:18:35.427335" level="INFO">Temporally setting log level to: NONE</msg>
<arg>//*[@id="password"]</arg>
<arg>password123</arg>
<doc>Types the given password into the text field identified by ``locator``.</doc>
<status status="PASS" start="2024-01-31T13:18:35.398531" elapsed="0.074101"/>
</kw>
<kw name="Click Button" owner="SeleniumLibrary">
<msg time="2024-01-31T13:18:35.476641" level="INFO">Clicking button '//*[@id="kt_login_signin_submit"]'.</msg>
<arg>//*[@id="kt_login_signin_submit"]</arg>
<doc>Clicks the button identified by ``locator``.</doc>
<status status="PASS" start="2024-01-31T13:18:35.472632" elapsed="0.062436"/>
</kw>
<kw name="Sleep" owner="BuiltIn">
<msg time="2024-01-31T13:18:40.536209" level="INFO">Slept 5 seconds.</msg>
<arg>5s</arg>
<doc>Pauses the test executed for the given time.</doc>
<status status="PASS" start="2024-01-31T13:18:35.535841" elapsed="5.000368"/>
</kw>
<status status="PASS" start="2024-01-31T13:18:27.756279" elapsed="12.779930"/>
</kw>
<kw name="Sleep" owner="BuiltIn">
<msg time="2024-01-31T13:18:42.536607" level="INFO">Slept 2 seconds.</msg>
<arg>2s</arg>
<doc>Pauses the test executed for the given time.</doc>
<status status="PASS" start="2024-01-31T13:18:40.536209" elapsed="2.000398"/>
</kw>
<kw name="Click Element" owner="SeleniumLibrary">
<msg time="2024-01-31T13:18:42.538114" level="INFO">Clicking element '//*[@id="kt_aside_menu"]/ul/li[3]/a'.</msg>
<arg>//*[@id="kt_aside_menu"]/ul/li[3]/a</arg>
<doc>Click the element identified by ``locator``.</doc>
<status status="PASS" start="2024-01-31T13:18:42.538114" elapsed="0.053627"/>
</kw>
<kw name="Sleep" owner="BuiltIn">
<msg time="2024-01-31T13:18:45.593302" level="INFO">Slept 3 seconds.</msg>
<arg>3s</arg>
<doc>Pauses the test executed for the given time.</doc>
<status status="PASS" start="2024-01-31T13:18:42.592996" elapsed="3.000306"/>
</kw>
<kw name="Click Button" owner="SeleniumLibrary">
<msg time="2024-01-31T13:18:45.593810" level="INFO">Clicking button '//*[@id="cardDataPemilih"]/div/div[1]/div[2]/div/div[2]/div/button[1]'.</msg>
<arg>//*[@id="cardDataPemilih"]/div/div[1]/div[2]/div/div[2]/div/button[1]</arg>
<doc>Clicks the button identified by ``locator``.</doc>
<status status="PASS" start="2024-01-31T13:18:45.593810" elapsed="0.054699"/>
</kw>
<kw name="Sleep" owner="BuiltIn">
<msg time="2024-01-31T13:18:48.652353" level="INFO">Slept 3 seconds.</msg>
<arg>3s</arg>
<doc>Pauses the test executed for the given time.</doc>
<status status="PASS" start="2024-01-31T13:18:45.652265" elapsed="3.000088"/>
</kw>
<kw name="Input Text" owner="SeleniumLibrary">
<msg time="2024-01-31T13:18:48.652353" level="INFO">Typing text '3501123456789001' into text field '//*[@id="pemilih_kk"]'.</msg>
<arg>//*[@id="pemilih_kk"]</arg>
<arg>3501123456789001</arg>
<doc>Types the given ``text`` into the text field identified by ``locator``.</doc>
<status status="PASS" start="2024-01-31T13:18:48.652353" elapsed="0.088663"/>
</kw>
<kw name="Input Text" owner="SeleniumLibrary">
<msg time="2024-01-31T13:18:48.745304" level="INFO">Typing text '3501123456789002' into text field '//*[@id="pemilih_nik"]'.</msg>
<arg>//*[@id="pemilih_nik"]</arg>
<arg>3501123456789002</arg>
<doc>Types the given ``text`` into the text field identified by ``locator``.</doc>
<status status="PASS" start="2024-01-31T13:18:48.741016" elapsed="0.096909"/>
</kw>
<kw name="Input Text" owner="SeleniumLibrary">
<msg time="2024-01-31T13:18:48.837925" level="INFO">Typing text 'Galih' into text field '//*[@id="pemilih_nama"]'.</msg>
<arg>//*[@id="pemilih_nama"]</arg>
<arg>Galih</arg>
<doc>Types the given ``text`` into the text field identified by ``locator``.</doc>
<status status="PASS" start="2024-01-31T13:18:48.837925" elapsed="0.071898"/>
</kw>
<kw name="Input Text" owner="SeleniumLibrary">
<msg time="2024-01-31T13:18:48.909823" level="INFO">Typing text 'Jalan Jakarta No.10' into text field '//*[@id="pemilih_alamat"]'.</msg>
<arg>//*[@id="pemilih_alamat"]</arg>
<arg>Jalan Jakarta No.10</arg>
<doc>Types the given ``text`` into the text field identified by ``locator``.</doc>
<status status="PASS" start="2024-01-31T13:18:48.909823" elapsed="0.085298"/>
</kw>
<kw name="Input Text" owner="SeleniumLibrary">
<msg time="2024-01-31T13:18:48.996147" level="INFO">Typing text '2' into text field '//*[@id="pemilih_rt"]'.</msg>
<arg>//*[@id="pemilih_rt"]</arg>
<arg>2</arg>
<doc>Types the given ``text`` into the text field identified by ``locator``.</doc>
<status status="PASS" start="2024-01-31T13:18:48.996147" elapsed="0.057963"/>
</kw>
<kw name="Input Text" owner="SeleniumLibrary">
<msg time="2024-01-31T13:18:49.054110" level="INFO">Typing text '3' into text field '//*[@id="pemilih_rw"]'.</msg>
<arg>//*[@id="pemilih_rw"]</arg>
<arg>3</arg>
<doc>Types the given ``text`` into the text field identified by ``locator``.</doc>
<status status="PASS" start="2024-01-31T13:18:49.054110" elapsed="0.060170"/>
</kw>
<kw name="Select From List By Label" owner="SeleniumLibrary">
<msg time="2024-01-31T13:18:49.114280" level="INFO">Selecting options from selection list '//*[@id="pemilih_kelurahan_id"]' by label Tunas Harapan.</msg>
<arg>//*[@id="pemilih_kelurahan_id"]</arg>
<arg>Tunas Harapan</arg>
<doc>Selects options from selection list ``locator`` by ``labels``.</doc>
<status status="PASS" start="2024-01-31T13:18:49.114280" elapsed="0.081928"/>
</kw>
<kw name="Input Text" owner="SeleniumLibrary">
<msg time="2024-01-31T13:18:49.196208" level="INFO">Typing text 'Malang' into text field '//*[@id="pemilih_tempat_lahir"]'.</msg>
<arg>//*[@id="pemilih_tempat_lahir"]</arg>
<arg>Malang</arg>
<doc>Types the given ``text`` into the text field identified by ``locator``.</doc>
<status status="PASS" start="2024-01-31T13:18:49.196208" elapsed="0.091415"/>
</kw>
<kw name="Click Element" owner="SeleniumLibrary">
<msg time="2024-01-31T13:18:49.287623" level="INFO">Clicking element '//*[@id="pemilih_tgl_lahir"]'.</msg>
<arg>//*[@id="pemilih_tgl_lahir"]</arg>
<doc>Click the element identified by ``locator``.</doc>
<status status="PASS" start="2024-01-31T13:18:49.287623" elapsed="0.076682"/>
</kw>
<kw name="Click Element" owner="SeleniumLibrary">
<msg time="2024-01-31T13:18:49.364305" level="INFO">Clicking element '//*[@id="kt_body"]/div[7]/div[1]/table/thead/tr[2]/th[2]'.</msg>
<arg>//*[@id="kt_body"]/div[7]/div[1]/table/thead/tr[2]/th[2]</arg>
<doc>Click the element identified by ``locator``.</doc>
<status status="PASS" start="2024-01-31T13:18:49.364305" elapsed="0.053496"/>
</kw>
<kw name="Click Element" owner="SeleniumLibrary">
<msg time="2024-01-31T13:18:49.419120" level="INFO">Clicking element '//*[@id="kt_body"]/div[7]/div[2]/table/thead/tr[2]/th[2]'.</msg>
<arg>//*[@id="kt_body"]/div[7]/div[2]/table/thead/tr[2]/th[2]</arg>
<doc>Click the element identified by ``locator``.</doc>
<status status="PASS" start="2024-01-31T13:18:49.417801" elapsed="0.041820"/>
</kw>
<kw name="Click Element" owner="SeleniumLibrary">
<msg time="2024-01-31T13:18:49.459621" level="INFO">Clicking element '//*[@id="kt_body"]/div[7]/div[3]/table/thead/tr[2]/th[2]'.</msg>
<arg>//*[@id="kt_body"]/div[7]/div[3]/table/thead/tr[2]/th[2]</arg>
<doc>Click the element identified by ``locator``.</doc>
<status status="PASS" start="2024-01-31T13:18:49.459621" elapsed="0.036569"/>
</kw>
<kw name="Double Click Element" owner="SeleniumLibrary">
<msg time="2024-01-31T13:18:49.500205" level="INFO">Double clicking element '//*[@id="kt_body"]/div[7]/div[4]/table/tbody/tr/td/span[2]'.</msg>
<arg>//*[@id="kt_body"]/div[7]/div[4]/table/tbody/tr/td/span[2]</arg>
<doc>Double clicks the element identified by ``locator``.</doc>
<status status="PASS" start="2024-01-31T13:18:49.500205" elapsed="0.312035"/>
</kw>
<kw name="Click Element" owner="SeleniumLibrary">
<msg time="2024-01-31T13:18:49.812240" level="INFO">Clicking element '//*[@id="kt_body"]/div[7]/div[2]/table/tbody/tr/td/span[1]'.</msg>
<arg>//*[@id="kt_body"]/div[7]/div[2]/table/tbody/tr/td/span[1]</arg>
<doc>Click the element identified by ``locator``.</doc>
<status status="PASS" start="2024-01-31T13:18:49.812240" elapsed="0.067345"/>
</kw>
<kw name="Click Element" owner="SeleniumLibrary">
<msg time="2024-01-31T13:18:49.879585" level="INFO">Clicking element '//*[@id="kt_body"]/div[7]/div[1]/table/tbody/tr[3]/td[2]'.</msg>
<arg>//*[@id="kt_body"]/div[7]/div[1]/table/tbody/tr[3]/td[2]</arg>
<doc>Click the element identified by ``locator``.</doc>
<status status="PASS" start="2024-01-31T13:18:49.879585" elapsed="0.074761"/>
</kw>
<kw name="Click Element" owner="SeleniumLibrary">
<msg time="2024-01-31T13:18:49.954346" level="INFO">Clicking element '//*[@id="form_inputpemilih"]/div[1]/div/div[2]/div[3]/div/div[1]/label[2]/span'.</msg>
<arg>//*[@id="form_inputpemilih"]/div[1]/div/div[2]/div[3]/div/div[1]/label[2]/span</arg>
<doc>Click the element identified by ``locator``.</doc>
<status status="PASS" start="2024-01-31T13:18:49.954346" elapsed="0.583488"/>
</kw>
<kw name="Select From List By Label" owner="SeleniumLibrary">
<msg time="2024-01-31T13:18:50.537834" level="INFO">Selecting options from selection list '//*[@id="pemilih_status_kawin"]' by label P - Pernah Kawin.</msg>
<arg>//*[@id="pemilih_status_kawin"]</arg>
<arg>P - Pernah Kawin</arg>
<doc>Selects options from selection list ``locator`` by ``labels``.</doc>
<status status="PASS" start="2024-01-31T13:18:50.537834" elapsed="0.091613"/>
</kw>
<kw name="Select From List By Label" owner="SeleniumLibrary">
<msg time="2024-01-31T13:18:50.630954" level="INFO">Selecting options from selection list '//*[@id="pemilih_caleg_id"]' by label Dummy.</msg>
<arg>//*[@id="pemilih_caleg_id"]</arg>
<arg>Dummy</arg>
<doc>Selects options from selection list ``locator`` by ``labels``.</doc>
<status status="PASS" start="2024-01-31T13:18:50.630954" elapsed="0.082027"/>
</kw>
<kw name="Select From List By Label" owner="SeleniumLibrary">
<msg time="2024-01-31T13:18:50.716988" level="INFO">Selecting options from selection list '//*[@id="pemilih_tps_id"]' by label TPS001 - Tunas Harapan.</msg>
<arg>//*[@id="pemilih_tps_id"]</arg>
<arg>TPS001 - Tunas Harapan</arg>
<doc>Selects options from selection list ``locator`` by ``labels``.</doc>
<status status="PASS" start="2024-01-31T13:18:50.716988" elapsed="0.060657"/>
</kw>
<kw name="Click Element" owner="SeleniumLibrary">
<msg time="2024-01-31T13:18:50.779019" level="INFO">Clicking element '//*[@id="Statusradio"]/label[2]/span'.</msg>
<arg>//*[@id="Statusradio"]/label[2]/span</arg>
<doc>Click the element identified by ``locator``.</doc>
<status status="PASS" start="2024-01-31T13:18:50.779019" elapsed="0.043431"/>
</kw>
<kw name="Scroll Page Down">
<kw name="Execute Javascript" owner="SeleniumLibrary">
<msg time="2024-01-31T13:18:50.822450" level="INFO">Executing JavaScript:
window.scrollTo(0, document.body.scrollHeight);
Without any arguments.</msg>
<arg>window.scrollTo(0, document.body.scrollHeight);</arg>
<doc>Executes the given JavaScript code with possible arguments.</doc>
<status status="PASS" start="2024-01-31T13:18:50.822450" elapsed="0.012008"/>
</kw>
<status status="PASS" start="2024-01-31T13:18:50.822450" elapsed="0.012008"/>
</kw>
<kw name="Click Button" owner="SeleniumLibrary">
<msg time="2024-01-31T13:18:50.834458" level="INFO">Clicking button '//*[@id="btn-simpan"]'.</msg>
<arg>//*[@id="btn-simpan"]</arg>
<doc>Clicks the button identified by ``locator``.</doc>
<status status="PASS" start="2024-01-31T13:18:50.834458" elapsed="0.061112"/>
</kw>
<kw name="Sleep" owner="BuiltIn">
<msg time="2024-01-31T13:18:55.896460" level="INFO">Slept 5 seconds.</msg>
<arg>5s</arg>
<doc>Pauses the test executed for the given time.</doc>
<status status="PASS" start="2024-01-31T13:18:50.895570" elapsed="5.000890"/>
</kw>
<status status="PASS" start="2024-01-31T13:18:27.756279" elapsed="28.140181"/>
</test>
<status status="PASS" start="2024-01-31T13:18:27.579297" elapsed="28.320173"/>
</suite>
<statistics>
<total>
<stat pass="1" fail="0" skip="0">All Tests</stat>
</total>
<tag>
</tag>
<suite>
<stat pass="1" fail="0" skip="0" id="s1" name="Penambahan">Penambahan</stat>
</suite>
</statistics>
<errors>
</errors>
</robot>
